2025-04-14 00:46:07 - ⚠️ SKIPPED Aerospace/Aviation Sciences - Fixed-Wing Emphasis (B.S.) — Low match (71.05263157894737%)
2025-04-14 00:46:07 - ⚠️ SKIPPED Agriculture - Animal Science and Industries Emphasis (B.S.) — Low match (75.29411764705883%)
2025-04-14 00:46:07 - ⚠️ SKIPPED Aerospace/Aviation Sciences - Rotor-Wing Emphasis (B.S.) — Low match (71.05263157894737%)
2025-04-14 00:46:07 - ⚠️ SKIPPED Agriculture - General Agriculture Emphasis (B.S.) — Low match (66.66666666666667%)
2025-04-14 00:46:07 - ⚠️ SKIPPED Agriculture - Agribusiness Emphasis (B.S.) — Low match (59.01639344262295%)
2025-04-14 00:46:07 - ⚠️ SKIPPED Agriculture - Plant Science and Industries Emphasis (B.S.) — Low match (73.80952380952381%)
2025-04-14 00:46:07 - ⚠️ SKIPPED Agriculture - Natural Resources/Range Management Emphasis (B.S.) — Low match (68.68686868686868%)
2025-04-14 00:46:07 - ⚠️ SKIPPED Chemistry - Laboratory Science Emphasis (B.S.) — Low match (70.4225352112676%)
2025-04-14 00:46:07 - ⚠️ SKIPPED Chemistry - Health Care Emphasis (B.S.) — Low match (63.1578947368421%)
2025-04-14 00:46:07 - ⚠️ SKIPPED Chemistry - Professional Emphasis (B.S.) — Low match (64.40677966101696%)
2025-04-14 00:46:07 - ⚠️ SKIPPED Civil Engineering - Construction Engineering Emphasis (B.S.) — Low match (64.28571428571428%)
2025-04-14 00:46:07 - ⚠️ SKIPPED Civil Engineering - Water Resources Engineering Emphasis (B.S.) — Low match (70.10309278350515%)
2025-04-14 00:46:07 - ⚠️ SKIPPED Civil Engineering - Environmental Engineering Emphasis (B.S.) — Low match (68.81720430107528%)
2025-04-14 00:46:07 - ⚠️ SKIPPED Communication - Media Studies Emphasis (B.A., B.S.) — Low match (70.76923076923076%)
2025-04-14 00:46:07 - ⚠️ SKIPPED Communication - Messaging and Human Interaction Emphasis (B.A., B.S.) — Low match (76.76767676767678%)
2025-04-14 00:46:07 - ⚠️ SKIPPED Communication - Sports Communication Emphasis (B.A., B.S.) — Low match (75.9493670886076%)
2025-04-14 00:46:07 - ⚠️ SKIPPED Communication - New Media, Branding, and Message Design Emphasis (B.A., B.S.) — Low match (83.76068376068376%)
2025-04-14 00:46:07 - ⚠️ SKIPPED Communication - Strategic Communication Emphasis (B.A., B.S.) — Low match (77.64705882352942%)
2025-04-14 00:46:07 - ⚠️ SKIPPED Economics - Business Analytics Emphasis (B.A., B.S.) — Low match (67.6056338028169%)
2025-04-14 00:46:07 - ⚠️ SKIPPED Engineering Technology - CAD-Architectural/Civil Design Emphasis (B.S.) — Low match (55.55555555555556%)
2025-04-14 00:46:07 - ⚠️ SKIPPED Engineering Technology - CAD/CAM Emphasis (B.S.) — Low match (69.84126984126983%)
2025-04-14 00:46:07 - ⚠️ SKIPPED Engineering Technology - Electromechanical Emphasis (B.S.) — Low match (60.273972602739725%)
2025-04-14 00:46:07 - ⚠️ SKIPPED English - Creative Writing Emphasis (B.A.) — Low match (52.3076923076923%)
2025-04-14 00:46:07 - ⚠️ SKIPPED English - Literature Emphasis (B.A.) — Low match (52.83018867924528%)
2025-04-14 00:46:07 - ⚠️ SKIPPED English - Rhetoric and Writing Emphasis (B.A.) — Low match (67.79661016949152%)
2025-04-14 00:46:07 - ⚠️ SKIPPED Exercise Science - Pre-Athletic Training Emphasis (B.S.) — Low match (59.523809523809526%)
2025-04-14 00:46:07 - ⚠️ SKIPPED Family Life and Human Development - Early Childhood Development Emphasis (B.A., B.S.) — Low match (58.252427184466015%)
2025-04-14 00:46:07 - ⚠️ SKIPPED Family Life and Human Development - Family Services Emphasis (B.A., B.S.) — Low match (65.93406593406593%)
2025-04-14 00:46:07 - ⚠️ SKIPPED Family Life and Human Development - Family Studies Emphasis (B.A., B.S.) — Low match (66.66666666666667%)
2025-04-14 00:46:07 - ⚠️ SKIPPED Graphic Design - UX/UI Emphasis (B.F.A.) — Low match (62.22222222222222%)
2025-04-14 00:46:07 - ⚠️ SKIPPED Hotel, Resort, and Hospitality Management - Event Planning and Management Emphasis (B.A., B.S.) — Low match (54.400000000000006%)
2025-04-14 00:46:07 - ⚠️ SKIPPED Hotel, Resort, and Hospitality Management - Lodging Management Emphasis (B.A., B.S.) — Low match (60.19417475728155%)
2025-04-14 00:46:07 - ⚠️ SKIPPED Hotel, Resort, and Hospitality Management - Food and Beverage Management Emphasis (B.A., B.S.) — Low match (54.86725663716814%)
2025-04-14 00:46:07 - ⚠️ SKIPPED Human Nutrition - Allied Health Emphasis (B.S.) — Low match (54.54545454545454%)
2025-04-14 00:46:07 - ⚠️ SKIPPED Mathematics - Actuarial Science Emphasis (B.S.) — Low match (61.9718309859155%)
2025-04-14 00:46:07 - ⚠️ SKIPPED Mathematics - Applied Mathematics Emphasis (B.S.) — Low match (64.0%)
2025-04-14 00:46:07 - ⚠️ SKIPPED Mathematics - Pure Mathematics Emphasis (B.S.) — Low match (60.86956521739131%)
2025-04-14 00:46:07 - ⚠️ SKIPPED Music (B.A.) — Low match (76.92307692307692%)
2025-04-14 00:46:07 - ⚠️ SKIPPED Music - Instrumental Performance Emphasis (B.M.) — Low match (68.35443037974683%)
2025-04-14 00:46:07 - ⚠️ SKIPPED Music - Piano Performance Emphasis (B.M.) — Low match (61.53846153846154%)
2025-04-14 00:46:07 - ⚠️ SKIPPED Music - Vocal Performance Emphasis (B.M.) — Low match (61.53846153846154%)
2025-04-14 00:46:07 - ⚠️ SKIPPED Music Education - Secondary Choral Emphasis (B.M.) — Low match (63.01369863013699%)
2025-04-14 00:46:07 - ⚠️ SKIPPED Music Education - Secondary Instrumental Emphasis (B.M.) — Low match (68.23529411764706%)
2025-04-14 00:46:07 - ⚠️ SKIPPED Nursing - Health Professionals to BSN Emphasis (B.S.N.) — Low match (68.96551724137932%)
2025-04-14 00:46:07 - ⚠️ SKIPPED Nursing - Pre-Licensure Emphasis (B.S.N.) — Low match (57.6271186440678%)
2025-04-14 00:46:07 - ⚠️ SKIPPED Nursing - RN to BSN Emphasis (B.S.N.) — Low match (56.41025641025641%)
2025-04-14 00:46:07 - ⚠️ SKIPPED Outdoor Recreation in Parks and Tourism - Natural Resource Recreation Emphasis (B.S.) — Low match (62.60869565217391%)
2025-04-14 00:46:07 - ⚠️ SKIPPED Outdoor Recreation in Parks and Tourism - Outdoor Education Emphasis (B.S.) — Low match (68.57142857142857%)
2025-04-14 00:46:07 - ⚠️ SKIPPED Outdoor Recreation in Parks and Tourism - Tourism Emphasis (B.S.) — Low match (75.78947368421053%)
2025-04-14 00:46:07 - ⚠️ SKIPPED Physical Education - Coaching Emphasis (B.S.) — Low match (64.28571428571428%)
2025-04-14 00:46:07 - ⚠️ SKIPPED Physical Education - Teaching Emphasis (B.S.) — Low match (72.97297297297297%)
2025-04-14 00:46:07 - ⚠️ SKIPPED Psychology - Human Services Emphasis (B.A., B.S.) — Low match (53.125%)
2025-04-14 00:46:07 - ⚠️ SKIPPED Studio Arts - Ceramics Emphasis (B.F.A.) — Low match (52.38095238095239%)
2025-04-14 00:46:07 - ⚠️ SKIPPED Studio Arts - Illustration Emphasis (B.F.A.) — Low match (52.459016393442624%)
2025-04-14 00:46:07 - ⚠️ SKIPPED Studio Arts - Painting/Drawing/Printmaking Emphasis (B.F.A.) — Low match (68.81720430107528%)
2025-04-14 00:46:07 - ⚠️ SKIPPED Studio Arts - Photography Emphasis (B.F.A.) — Low match (50.847457627118644%)
2025-04-14 00:46:07 - ✅ IMPORTED Accounting (B.A., B.S.)
2025-04-14 00:46:07 - ✅ IMPORTED Acting (B.F.A.)
2025-04-14 00:46:07 - ✅ IMPORTED Anthropology (B.A., B.S.)
2025-04-14 00:46:07 - ✅ IMPORTED Art Education (B.F.A.)
2025-04-14 00:46:07 - ✅ IMPORTED Art History (B.A.)
2025-04-14 00:46:07 - ✅ IMPORTED Biological Sciences Education (B.S.)
2025-04-14 00:46:07 - ✅ IMPORTED Aviation Administration and Leadership (B.A., B.S.)
2025-04-14 00:46:07 - ✅ IMPORTED Agriculture Education (B.S.)
2025-04-14 00:46:07 - ✅ IMPORTED Art (B.A., B.S.)
2025-04-14 00:46:07 - ✅ IMPORTED Biology (B.A., B.S.)
2025-04-14 00:46:07 - ✅ IMPORTED Biology Education (B.A.)
2025-04-14 00:46:07 - ✅ IMPORTED Business Education (B.A., B.S.)
2025-04-14 00:46:07 - ✅ IMPORTED Chemistry Education (B.S.)
2025-04-14 00:46:07 - ✅ IMPORTED Civil Engineering (B.S.)
2025-04-14 00:46:07 - ✅ IMPORTED Commercial Music (B.M.)
2025-04-14 00:46:07 - ✅ IMPORTED Communication Composite (B.A., B.S.)
2025-04-14 00:46:07 - ✅ IMPORTED Computer Science (B.S.)
2025-04-14 00:46:07 - ✅ IMPORTED Criminal Justice (B.A., B.S.)
2025-04-14 00:46:07 - ✅ IMPORTED Construction Management (B.A., B.S.)
2025-04-14 00:46:07 - ✅ IMPORTED Dance (B.A., B.S.)
2025-04-14 00:46:07 - ✅ IMPORTED Dance Education (B.A., B.S.)
2025-04-14 00:46:07 - ✅ IMPORTED Cybersecurity (B.S.)
2025-04-14 00:46:07 - ✅ IMPORTED Data Science (B.S.)
2025-04-14 00:46:07 - ✅ IMPORTED Economics (B.A., B.S.)
2025-04-14 00:46:07 - ✅ IMPORTED Elementary Education (B.A., B.S.)
2025-04-14 00:46:07 - ✅ IMPORTED Electrical Engineering (B.S.)
2025-04-14 00:46:07 - ✅ IMPORTED English Education (B.A.)
2025-04-14 00:46:07 - ✅ IMPORTED Environmental Science (B.S.)
2025-04-14 00:46:07 - ✅ IMPORTED Environmental Studies (B.A.)
2025-04-14 00:46:07 - ✅ IMPORTED Exercise Science (B.S.)
2025-04-14 00:46:07 - ✅ IMPORTED Filmmaking (B.F.A.)
2025-04-14 00:46:07 - ✅ IMPORTED Finance (B.A., B.S.)
2025-04-14 00:46:07 - ✅ IMPORTED Financial Technology (B.S.)
2025-04-14 00:46:07 - ✅ IMPORTED French (B.A.)
2025-04-14 00:46:07 - ✅ IMPORTED French Education (B.A.)
2025-04-14 00:46:07 - ✅ IMPORTED General Studies (B.A., B.S.)
2025-04-14 00:46:07 - ✅ IMPORTED Geology (B.S.)
2025-04-14 00:46:07 - ✅ IMPORTED General Studies (B.G.S.)
2025-04-14 00:46:07 - ✅ IMPORTED Geosciences (B.A.)
2025-04-14 00:46:07 - ✅ IMPORTED Geospatial Science (B.S.)
2025-04-14 00:46:07 - ✅ IMPORTED Graphic Design (B.F.A.)
2025-04-14 00:46:07 - ✅ IMPORTED History (B.A., B.S.)
2025-04-14 00:46:07 - ✅ IMPORTED History Education (B.A., B.S.)
2025-04-14 00:46:07 - ✅ IMPORTED Integrative Health Sciences (B.S.)
2025-04-14 00:46:07 - ✅ IMPORTED Interdisciplinary Studies (B.I.S.)
2025-04-14 00:46:07 - ✅ IMPORTED Management (B.A., B.S.)
2025-04-14 00:46:07 - ✅ IMPORTED Marketing (B.A., B.S.)
2025-04-14 00:46:07 - ✅ IMPORTED Mathematics Education (B.S.)
2025-04-14 00:46:07 - ✅ IMPORTED Mechanical Engineering (B.S.)
2025-04-14 00:46:07 - ✅ IMPORTED Musical Theatre (B.F.A.)
2025-04-14 00:46:07 - ✅ IMPORTED Philosophy (B.A., B.S.)
2025-04-14 00:46:07 - ✅ IMPORTED Physics Education (B.A., B.S.)
2025-04-14 00:46:07 - ✅ IMPORTED Political Science (B.A., B.S.)
2025-04-14 00:46:07 - ✅ IMPORTED Psychology (B.A., B.S.)
2025-04-14 00:46:07 - ✅ IMPORTED Social Studies Education Composite (B.A., B.S.)
2025-04-14 00:46:07 - ✅ IMPORTED Social Work (B.S.W.)
2025-04-14 00:46:07 - ✅ IMPORTED Sociology (B.A., B.S.)
2025-04-14 00:46:07 - ✅ IMPORTED Software Development (B.S.)
2025-04-14 00:46:07 - ✅ IMPORTED Spanish (B.A.)
2025-04-14 00:46:07 - ✅ IMPORTED Spanish Education (B.A.)
2025-04-14 00:46:07 - ✅ IMPORTED Theatre Arts Education (B.A., B.S.)
2025-04-14 00:46:07 - ✅ IMPORTED Theatre Arts (B.A., B.S.)
2025-04-14 00:46:07 - ✅ IMPORTED Theatre Design and Production (B.F.A.)
