2025-04-14 11:08:33 - ⚠️ SKIPPED Chemistry - Laboratory Science Emphasis (B.S.) — Already imported
2025-04-14 11:08:33 - ⚠️ SKIPPED Biology Education (B.A.) — Already imported
2025-04-14 11:08:33 - ⚠️ SKIPPED Biological Sciences Education (B.S.) — Already imported
2025-04-14 11:08:33 - ⚠️ SKIPPED Chemistry - Health Care Emphasis (B.S.) — Already imported
2025-04-14 11:08:33 - ⚠️ SKIPPED Aviation Administration and Leadership (B.A., B.S.) — Already imported
2025-04-14 11:08:33 - ⚠️ SKIPPED Anthropology (B.A., B.S.) — Already imported
2025-04-14 11:08:33 - ⚠️ SKIPPED Art History (B.A.) — Already imported
2025-04-14 11:08:33 - ⚠️ SKIPPED Agriculture - Agribusiness Emphasis (B.S.) — Already imported
2025-04-14 11:08:33 - ⚠️ SKIPPED Agriculture Education (B.S.) — Already imported
2025-04-14 11:08:33 - ⚠️ SKIPPED Agriculture - Plant Science and Industries Emphasis (B.S.) — Already imported
2025-04-14 11:08:33 - ⚠️ SKIPPED Civil Engineering (B.S.) — Already imported
2025-04-14 11:08:33 - ⚠️ SKIPPED Agriculture - Animal Science and Industries Emphasis (B.S.) — Already imported
2025-04-14 11:08:33 - ⚠️ SKIPPED Agriculture - Natural Resources/Range Management Emphasis (B.S.) — Already imported
2025-04-14 11:08:33 - ⚠️ SKIPPED Aerospace/Aviation Sciences - Fixed-Wing Emphasis (B.S.) — Already imported
2025-04-14 11:08:33 - ⚠️ SKIPPED Aerospace/Aviation Sciences - Rotor-Wing Emphasis (B.S.) — Already imported
2025-04-14 11:08:33 - ⚠️ SKIPPED Accounting (B.A., B.S.) — Already imported
2025-04-14 11:08:33 - ⚠️ SKIPPED Commercial Music (B.M.) — Already imported
2025-04-14 11:08:33 - ⚠️ SKIPPED Business Education (B.A., B.S.) — Already imported
2025-04-14 11:08:33 - ⚠️ SKIPPED Communication Composite (B.A., B.S.) — Already imported
2025-04-14 11:08:33 - ⚠️ SKIPPED Chemistry Education (B.S.) — Already imported
2025-04-14 11:08:33 - ⚠️ SKIPPED Biology (B.A., B.S.) — Already imported
2025-04-14 11:08:33 - ⚠️ SKIPPED Communication - Media Studies Emphasis (B.A., B.S.) — Already imported
2025-04-14 11:08:33 - ⚠️ SKIPPED Criminal Justice (B.A., B.S.) — Already imported
2025-04-14 11:08:33 - ⚠️ SKIPPED Construction Management (B.A., B.S.) — Already imported
2025-04-14 11:08:33 - ⚠️ SKIPPED Cybersecurity (B.S.) — Already imported
2025-04-14 11:08:33 - ⚠️ SKIPPED Computer Science (B.S.) — Already imported
2025-04-14 11:08:33 - ⚠️ SKIPPED Communication - Messaging and Human Interaction Emphasis (B.A., B.S.) — Already imported
2025-04-14 11:08:33 - ⚠️ SKIPPED Economics (B.A., B.S.) — Already imported
2025-04-14 11:08:33 - ⚠️ SKIPPED Dance Education (B.A., B.S.) — Already imported
2025-04-14 11:08:33 - ⚠️ SKIPPED Chemistry - Professional Emphasis (B.S.) — Already imported
2025-04-14 11:08:33 - ⚠️ SKIPPED Economics - Business Analytics Emphasis (B.A., B.S.) — Already imported
2025-04-14 11:08:33 - ⚠️ SKIPPED Elementary Education (B.A., B.S.) — Already imported
2025-04-14 11:08:33 - ⚠️ SKIPPED Engineering Technology - CAD-Architectural/Civil Design Emphasis (B.S.) — Already imported
2025-04-14 11:08:33 - ⚠️ SKIPPED Engineering Technology - Electromechanical Emphasis (B.S.) — Already imported
2025-04-14 11:08:33 - ⚠️ SKIPPED Electrical Engineering (B.S.) — Already imported
2025-04-14 11:08:33 - ⚠️ SKIPPED Engineering Technology - CAD/CAM Emphasis (B.S.) — Already imported
2025-04-14 11:08:33 - ⚠️ SKIPPED English - Creative Writing Emphasis (B.A.) — Already imported
2025-04-14 11:08:33 - ⚠️ SKIPPED English - Rhetoric and Writing Emphasis (B.A.) — Already imported
2025-04-14 11:08:33 - ⚠️ SKIPPED English Education (B.A.) — Already imported
2025-04-14 11:08:33 - ⚠️ SKIPPED Environmental Science (B.S.) — Already imported
2025-04-14 11:08:33 - ⚠️ SKIPPED English - Literature Emphasis (B.A.) — Already imported
2025-04-14 11:08:33 - ⚠️ SKIPPED Exercise Science (B.S.) — Already imported
2025-04-14 11:08:33 - ⚠️ SKIPPED Exercise Science - Pre-Athletic Training Emphasis (B.S.) — Already imported
2025-04-14 11:08:33 - ⚠️ SKIPPED Family Life and Human Development - Early Childhood Development Emphasis (B.A., B.S.) — Already imported
2025-04-14 11:08:33 - ⚠️ SKIPPED Family Life and Human Development - Family Studies Emphasis (B.A., B.S.) — Already imported
2025-04-14 11:08:33 - ⚠️ SKIPPED Family Life and Human Development - Family Services Emphasis (B.A., B.S.) — Already imported
2025-04-14 11:08:33 - ⚠️ SKIPPED Finance (B.A., B.S.) — Already imported
2025-04-14 11:08:33 - ⚠️ SKIPPED Filmmaking (B.F.A.) — Already imported
2025-04-14 11:08:33 - ⚠️ SKIPPED Environmental Studies (B.A.) — Already imported
2025-04-14 11:08:33 - ⚠️ SKIPPED French Education (B.A.) — Already imported
2025-04-14 11:08:33 - ⚠️ SKIPPED Financial Technology (B.S.) — Already imported
2025-04-14 11:08:33 - ⚠️ SKIPPED Geology (B.S.) — Already imported
2025-04-14 11:08:33 - ⚠️ SKIPPED Geosciences (B.A.) — Already imported
2025-04-14 11:08:33 - ⚠️ SKIPPED Geospatial Science (B.S.) — Already imported
2025-04-14 11:08:33 - ⚠️ SKIPPED Graphic Design (B.F.A.) — Already imported
2025-04-14 11:08:33 - ⚠️ SKIPPED Graphic Design - UX/UI Emphasis (B.F.A.) — Already imported
2025-04-14 11:08:33 - ⚠️ SKIPPED History (B.A., B.S.) — Already imported
2025-04-14 11:08:33 - ⚠️ SKIPPED History Education (B.A., B.S.) — Already imported
2025-04-14 11:08:33 - ⚠️ SKIPPED Hotel, Resort, and Hospitality Management - Event Planning and Management Emphasis (B.A., B.S.) — Already imported
2025-04-14 11:08:33 - ⚠️ SKIPPED Hotel, Resort, and Hospitality Management - Food and Beverage Management Emphasis (B.A., B.S.) — Already imported
2025-04-14 11:08:33 - ⚠️ SKIPPED Hotel, Resort, and Hospitality Management - Lodging Management Emphasis (B.A., B.S.) — Already imported
2025-04-14 11:08:33 - ⚠️ SKIPPED Human Nutrition - Allied Health Emphasis (B.S.) — Already imported
2025-04-14 11:08:33 - ⚠️ SKIPPED Integrative Health Sciences (B.S.) — Already imported
2025-04-14 11:08:33 - ⚠️ SKIPPED Interdisciplinary Studies (B.I.S.) — Already imported
2025-04-14 11:08:33 - ⚠️ SKIPPED Management (B.A., B.S.) — Already imported
2025-04-14 11:08:33 - ⚠️ SKIPPED Marketing (B.A., B.S.) — Already imported
2025-04-14 11:08:33 - ⚠️ SKIPPED Mathematics - Actuarial Science Emphasis (B.S.) — Already imported
2025-04-14 11:08:33 - ⚠️ SKIPPED Art Education (B.F.A.) — Low match (84.61538461538461%)
2025-04-14 11:08:33 - ⚠️ SKIPPED Acting (B.F.A.) — Low match (83.33333333333334%)
2025-04-14 11:08:33 - ⚠️ SKIPPED Mathematics Education (B.S.) — Already imported
2025-04-14 11:08:33 - ⚠️ SKIPPED Mechanical Engineering (B.S.) — Already imported
2025-04-14 11:08:33 - ⚠️ SKIPPED Music (B.A.) — Already imported
2025-04-14 11:08:33 - ⚠️ SKIPPED Music - Instrumental Performance Emphasis (B.M.) — Already imported
2025-04-14 11:08:33 - ⚠️ SKIPPED Music - Piano Performance Emphasis (B.M.) — Already imported
2025-04-14 11:08:33 - ⚠️ SKIPPED Music - Vocal Performance Emphasis (B.M.) — Already imported
2025-04-14 11:08:33 - ⚠️ SKIPPED Music Education - Secondary Choral Emphasis (B.M.) — Already imported
2025-04-14 11:08:33 - ⚠️ SKIPPED Music Education - Secondary Instrumental Emphasis (B.M.) — Already imported
2025-04-14 11:08:33 - ⚠️ SKIPPED Musical Theatre (B.F.A.) — Already imported
2025-04-14 11:08:33 - ⚠️ SKIPPED Nursing - Health Professionals to BSN Emphasis (B.S.N.) — Already imported
2025-04-14 11:08:33 - ⚠️ SKIPPED Nursing - Pre-Licensure Emphasis (B.S.N.) — Already imported
2025-04-14 11:08:33 - ⚠️ SKIPPED Nursing - RN to BSN Emphasis (B.S.N.) — Already imported
2025-04-14 11:08:33 - ⚠️ SKIPPED Outdoor Recreation in Parks and Tourism - Natural Resource Recreation Emphasis (B.S.) — Already imported
2025-04-14 11:08:33 - ⚠️ SKIPPED Outdoor Recreation in Parks and Tourism - Outdoor Education Emphasis (B.S.) — Already imported
2025-04-14 11:08:33 - ⚠️ SKIPPED Outdoor Recreation in Parks and Tourism - Tourism Emphasis (B.S.) — Already imported
2025-04-14 11:08:33 - ⚠️ SKIPPED Philosophy (B.A., B.S.) — Already imported
2025-04-14 11:08:33 - ⚠️ SKIPPED Physical Education - Coaching Emphasis (B.S.) — Already imported
2025-04-14 11:08:33 - ⚠️ SKIPPED Physical Education - Teaching Emphasis (B.S.) — Already imported
2025-04-14 11:08:33 - ⚠️ SKIPPED Physics Education (B.A., B.S.) — Already imported
2025-04-14 11:08:33 - ⚠️ SKIPPED Political Science (B.A., B.S.) — Already imported
2025-04-14 11:08:33 - ⚠️ SKIPPED Psychology (B.A., B.S.) — Already imported
2025-04-14 11:08:33 - ⚠️ SKIPPED Psychology - Human Services Emphasis (B.A., B.S.) — Already imported
2025-04-14 11:08:33 - ⚠️ SKIPPED Social Studies Education Composite (B.A., B.S.) — Already imported
2025-04-14 11:08:33 - ⚠️ SKIPPED Sociology (B.A., B.S.) — Already imported
2025-04-14 11:08:33 - ⚠️ SKIPPED Software Development (B.S.) — Already imported
2025-04-14 11:08:33 - ⚠️ SKIPPED Spanish (B.A.) — Already imported
2025-04-14 11:08:33 - ⚠️ SKIPPED Spanish Education (B.A.) — Already imported
2025-04-14 11:08:33 - ⚠️ SKIPPED Studio Arts - Ceramics Emphasis (B.F.A.) — Already imported
2025-04-14 11:08:33 - ⚠️ SKIPPED Studio Arts - Illustration Emphasis (B.F.A.) — Already imported
2025-04-14 11:08:33 - ⚠️ SKIPPED Studio Arts - Painting/Drawing/Printmaking Emphasis (B.F.A.) — Already imported
2025-04-14 11:08:33 - ⚠️ SKIPPED Studio Arts - Photography Emphasis (B.F.A.) — Already imported
2025-04-14 11:08:33 - ⚠️ SKIPPED Theatre Arts Education (B.A., B.S.) — Already imported
2025-04-14 11:08:33 - ⚠️ SKIPPED Theatre Design and Production (B.F.A.) — Already imported
2025-04-14 11:08:33 - ⚠️ SKIPPED Art (B.A., B.S.) — Low match (66.66666666666667%)
2025-04-14 11:08:33 - ⚠️ SKIPPED Dance (B.A., B.S.) — Low match (80.0%)
2025-04-14 11:08:33 - ⚠️ SKIPPED Data Science (B.S.) — Low match (83.33333333333334%)
2025-04-14 11:08:33 - ⚠️ SKIPPED French (B.A.) — Low match (83.33333333333334%)
2025-04-14 11:08:33 - ⚠️ SKIPPED General Studies (B.A., B.S.) — Low match (76.47058823529412%)
2025-04-14 11:08:33 - ⚠️ SKIPPED General Studies (B.G.S.) — Low match (76.47058823529412%)
2025-04-14 11:08:33 - ⚠️ SKIPPED Social Work (B.S.W.) — Low match (81.81818181818181%)
2025-04-14 11:08:33 - ⚠️ SKIPPED Theatre Arts (B.A., B.S.) — Low match (75.00000000000001%)
2025-04-14 11:08:33 - ✅ IMPORTED Agriculture - General Agriculture Emphasis (B.S.)
2025-04-14 11:08:33 - ✅ IMPORTED Civil Engineering - Construction Engineering Emphasis (B.S.)
2025-04-14 11:08:33 - ✅ IMPORTED Communication - Strategic Communication Emphasis (B.A., B.S.)
2025-04-14 11:08:33 - ✅ IMPORTED Communication - Sports Communication Emphasis (B.A., B.S.)
2025-04-14 11:08:33 - ✅ IMPORTED Communication - New Media, Branding, and Message Design Emphasis (B.A., B.S.)
2025-04-14 11:08:33 - ✅ IMPORTED Civil Engineering - Water Resources Engineering Emphasis (B.S.)
2025-04-14 11:08:33 - ✅ IMPORTED Civil Engineering - Environmental Engineering Emphasis (B.S.)
2025-04-14 11:08:33 - ✅ IMPORTED Mathematics - Applied Mathematics Emphasis (B.S.)
2025-04-14 11:08:33 - ✅ IMPORTED Mathematics - Pure Mathematics Emphasis (B.S.)
