2025-04-14 10:57:23 - ⚠️ SKIPPED Aerospace/Aviation Sciences - Fixed-Wing Emphasis (B.S.) — Low match (72.0%)
2025-04-14 10:57:23 - ⚠️ SKIPPED Agriculture - Animal Science and Industries Emphasis (B.S.) — Low match (82.14285714285714%)
2025-04-14 10:57:23 - ⚠️ SKIPPED Acting (B.F.A.) — Low match (83.33333333333334%)
2025-04-14 10:57:23 - ⚠️ SKIPPED Aerospace/Aviation Sciences - Rotor-Wing Emphasis (B.S.) — Low match (72.0%)
2025-04-14 10:57:23 - ⚠️ SKIPPED Agriculture - Plant Science and Industries Emphasis (B.S.) — Low match (81.4814814814815%)
2025-04-14 10:57:23 - ⚠️ SKIPPED Art (B.A., B.S.) — Low match (66.66666666666667%)
2025-04-14 10:57:23 - ⚠️ SKIPPED Art History (B.A.) — Low match (83.07692307692308%)
2025-04-14 10:57:23 - ⚠️ SKIPPED Art Education (B.F.A.) — Low match (84.61538461538461%)
2025-04-14 10:57:23 - ⚠️ SKIPPED Chemistry - Health Care Emphasis (B.S.) — Low match (81.81818181818181%)
2025-04-14 10:57:23 - ⚠️ SKIPPED Communication - Media Studies Emphasis (B.A., B.S.) — Low match (84.61538461538461%)
2025-04-14 10:57:23 - ⚠️ SKIPPED Dance (B.A., B.S.) — Low match (80.0%)
2025-04-14 10:57:23 - ⚠️ SKIPPED Data Science (B.S.) — Low match (83.33333333333334%)
2025-04-14 10:57:23 - ⚠️ SKIPPED Engineering Technology - CAD-Architectural/Civil Design Emphasis (B.S.) — Low match (76.66666666666666%)
2025-04-14 10:57:23 - ⚠️ SKIPPED Engineering Technology - CAD/CAM Emphasis (B.S.) — Low match (17.999999999999996%)
2025-04-14 10:57:23 - ⚠️ SKIPPED French (B.A.) — Low match (83.33333333333334%)
2025-04-14 10:57:23 - ⚠️ SKIPPED General Studies (B.A., B.S.) — Low match (77.14285714285715%)
2025-04-14 10:57:23 - ⚠️ SKIPPED General Studies (B.G.S.) — Low match (77.14285714285715%)
2025-04-14 10:57:23 - ⚠️ SKIPPED Graphic Design - UX/UI Emphasis (B.F.A.) — Low match (22.5%)
2025-04-14 10:57:23 - ⚠️ SKIPPED Human Nutrition - Allied Health Emphasis (B.S.) — Low match (84.61538461538461%)
2025-04-14 10:57:23 - ⚠️ SKIPPED Music (B.A.) — Low match (80.0%)
2025-04-14 10:57:23 - ⚠️ SKIPPED Nursing - Pre-Licensure Emphasis (B.S.N.) — Low match (84.61538461538461%)
2025-04-14 10:57:23 - ⚠️ SKIPPED Outdoor Recreation in Parks and Tourism - Tourism Emphasis (B.S.) — Low match (83.07692307692308%)
2025-04-14 10:57:23 - ⚠️ SKIPPED Social Work (B.S.W.) — Low match (81.81818181818181%)
2025-04-14 10:57:23 - ⚠️ SKIPPED Theatre Arts (B.A., B.S.) — Low match (75.00000000000001%)
2025-04-14 10:57:23 - ⚠️ SKIPPED Theatre Design and Production (B.F.A.) — Low match (82.14285714285714%)
2025-04-14 10:57:23 - ✅ IMPORTED Accounting (B.A., B.S.)
2025-04-14 10:57:23 - ✅ IMPORTED Agriculture Education (B.S.)
2025-04-14 10:57:23 - ✅ IMPORTED Agriculture - Agribusiness Emphasis (B.S.)
2025-04-14 10:57:23 - ✅ IMPORTED Anthropology (B.A., B.S.)
2025-04-14 10:57:23 - ✅ IMPORTED Aviation Administration and Leadership (B.A., B.S.)
2025-04-14 10:57:23 - ✅ IMPORTED Biological Sciences Education (B.S.)
2025-04-14 10:57:23 - ✅ IMPORTED Agriculture - Natural Resources/Range Management Emphasis (B.S.)
2025-04-14 10:57:23 - ✅ IMPORTED Agriculture - General Agriculture Emphasis (B.S.)
2025-04-14 10:57:23 - ✅ IMPORTED Biology (B.A., B.S.)
2025-04-14 10:57:23 - ✅ IMPORTED Biology Education (B.A.)
2025-04-14 10:57:23 - ✅ IMPORTED Chemistry - Laboratory Science Emphasis (B.S.)
2025-04-14 10:57:23 - ✅ IMPORTED Business Education (B.A., B.S.)
2025-04-14 10:57:23 - ✅ IMPORTED Chemistry - Professional Emphasis (B.S.)
2025-04-14 10:57:23 - ✅ IMPORTED Chemistry Education (B.S.)
2025-04-14 10:57:23 - ✅ IMPORTED Civil Engineering - Construction Engineering Emphasis (B.S.)
2025-04-14 10:57:23 - ✅ IMPORTED Civil Engineering (B.S.)
2025-04-14 10:57:23 - ✅ IMPORTED Commercial Music (B.M.)
2025-04-14 10:57:23 - ✅ IMPORTED Civil Engineering - Environmental Engineering Emphasis (B.S.)
2025-04-14 10:57:23 - ✅ IMPORTED Civil Engineering - Water Resources Engineering Emphasis (B.S.)
2025-04-14 10:57:23 - ✅ IMPORTED Communication - Messaging and Human Interaction Emphasis (B.A., B.S.)
2025-04-14 10:57:23 - ✅ IMPORTED Communication - New Media, Branding, and Message Design Emphasis (B.A., B.S.)
2025-04-14 10:57:23 - ✅ IMPORTED Communication - Sports Communication Emphasis (B.A., B.S.)
2025-04-14 10:57:23 - ✅ IMPORTED Communication Composite (B.A., B.S.)
2025-04-14 10:57:23 - ✅ IMPORTED Communication - Strategic Communication Emphasis (B.A., B.S.)
2025-04-14 10:57:23 - ✅ IMPORTED Computer Science (B.S.)
2025-04-14 10:57:23 - ✅ IMPORTED Criminal Justice (B.A., B.S.)
2025-04-14 10:57:23 - ✅ IMPORTED Construction Management (B.A., B.S.)
2025-04-14 10:57:23 - ✅ IMPORTED Cybersecurity (B.S.)
2025-04-14 10:57:23 - ✅ IMPORTED Dance Education (B.A., B.S.)
2025-04-14 10:57:23 - ✅ IMPORTED Economics (B.A., B.S.)
2025-04-14 10:57:23 - ✅ IMPORTED Economics - Business Analytics Emphasis (B.A., B.S.)
2025-04-14 10:57:23 - ✅ IMPORTED Elementary Education (B.A., B.S.)
2025-04-14 10:57:23 - ✅ IMPORTED Electrical Engineering (B.S.)
2025-04-14 10:57:23 - ✅ IMPORTED Engineering Technology - Electromechanical Emphasis (B.S.)
2025-04-14 10:57:23 - ✅ IMPORTED English - Creative Writing Emphasis (B.A.)
2025-04-14 10:57:23 - ✅ IMPORTED English - Literature Emphasis (B.A.)
2025-04-14 10:57:23 - ✅ IMPORTED English - Rhetoric and Writing Emphasis (B.A.)
2025-04-14 10:57:23 - ✅ IMPORTED English Education (B.A.)
2025-04-14 10:57:23 - ✅ IMPORTED Environmental Studies (B.A.)
2025-04-14 10:57:23 - ✅ IMPORTED Environmental Science (B.S.)
2025-04-14 10:57:23 - ✅ IMPORTED Exercise Science (B.S.)
2025-04-14 10:57:23 - ✅ IMPORTED Exercise Science - Pre-Athletic Training Emphasis (B.S.)
2025-04-14 10:57:23 - ✅ IMPORTED Family Life and Human Development - Early Childhood Development Emphasis (B.A., B.S.)
2025-04-14 10:57:23 - ✅ IMPORTED Family Life and Human Development - Family Studies Emphasis (B.A., B.S.)
2025-04-14 10:57:23 - ✅ IMPORTED Family Life and Human Development - Family Services Emphasis (B.A., B.S.)
2025-04-14 10:57:23 - ✅ IMPORTED Filmmaking (B.F.A.)
2025-04-14 10:57:23 - ✅ IMPORTED Finance (B.A., B.S.)
2025-04-14 10:57:23 - ✅ IMPORTED Financial Technology (B.S.)
2025-04-14 10:57:23 - ✅ IMPORTED French Education (B.A.)
2025-04-14 10:57:23 - ✅ IMPORTED Geology (B.S.)
2025-04-14 10:57:23 - ✅ IMPORTED Geosciences (B.A.)
2025-04-14 10:57:23 - ✅ IMPORTED Geospatial Science (B.S.)
2025-04-14 10:57:23 - ✅ IMPORTED Graphic Design (B.F.A.)
2025-04-14 10:57:23 - ✅ IMPORTED History Education (B.A., B.S.)
2025-04-14 10:57:23 - ✅ IMPORTED Hotel, Resort, and Hospitality Management - Event Planning and Management Emphasis (B.A., B.S.)
2025-04-14 10:57:23 - ✅ IMPORTED History (B.A., B.S.)
2025-04-14 10:57:23 - ✅ IMPORTED Hotel, Resort, and Hospitality Management - Food and Beverage Management Emphasis (B.A., B.S.)
2025-04-14 10:57:23 - ✅ IMPORTED Hotel, Resort, and Hospitality Management - Lodging Management Emphasis (B.A., B.S.)
2025-04-14 10:57:23 - ✅ IMPORTED Integrative Health Sciences (B.S.)
2025-04-14 10:57:23 - ✅ IMPORTED Interdisciplinary Studies (B.I.S.)
2025-04-14 10:57:23 - ✅ IMPORTED Management (B.A., B.S.)
2025-04-14 10:57:23 - ✅ IMPORTED Marketing (B.A., B.S.)
2025-04-14 10:57:23 - ✅ IMPORTED Mathematics - Actuarial Science Emphasis (B.S.)
2025-04-14 10:57:23 - ✅ IMPORTED Mathematics - Applied Mathematics Emphasis (B.S.)
2025-04-14 10:57:23 - ✅ IMPORTED Mathematics - Pure Mathematics Emphasis (B.S.)
2025-04-14 10:57:23 - ✅ IMPORTED Mathematics Education (B.S.)
2025-04-14 10:57:23 - ✅ IMPORTED Mechanical Engineering (B.S.)
2025-04-14 10:57:23 - ✅ IMPORTED Music - Instrumental Performance Emphasis (B.M.)
2025-04-14 10:57:23 - ✅ IMPORTED Music - Vocal Performance Emphasis (B.M.)
2025-04-14 10:57:23 - ✅ IMPORTED Music - Piano Performance Emphasis (B.M.)
2025-04-14 10:57:23 - ✅ IMPORTED Music Education - Secondary Choral Emphasis (B.M.)
2025-04-14 10:57:23 - ✅ IMPORTED Music Education - Secondary Instrumental Emphasis (B.M.)
2025-04-14 10:57:23 - ✅ IMPORTED Musical Theatre (B.F.A.)
2025-04-14 10:57:23 - ✅ IMPORTED Nursing - Health Professionals to BSN Emphasis (B.S.N.)
2025-04-14 10:57:23 - ✅ IMPORTED Nursing - RN to BSN Emphasis (B.S.N.)
2025-04-14 10:57:23 - ✅ IMPORTED Outdoor Recreation in Parks and Tourism - Natural Resource Recreation Emphasis (B.S.)
2025-04-14 10:57:23 - ✅ IMPORTED Outdoor Recreation in Parks and Tourism - Outdoor Education Emphasis (B.S.)
2025-04-14 10:57:23 - ✅ IMPORTED Philosophy (B.A., B.S.)
2025-04-14 10:57:23 - ✅ IMPORTED Physical Education - Coaching Emphasis (B.S.)
2025-04-14 10:57:23 - ✅ IMPORTED Physical Education - Teaching Emphasis (B.S.)
2025-04-14 10:57:23 - ✅ IMPORTED Physics Education (B.A., B.S.)
2025-04-14 10:57:23 - ✅ IMPORTED Psychology (B.A., B.S.)
2025-04-14 10:57:23 - ✅ IMPORTED Political Science (B.A., B.S.)
2025-04-14 10:57:23 - ✅ IMPORTED Social Studies Education Composite (B.A., B.S.)
2025-04-14 10:57:23 - ✅ IMPORTED Psychology - Human Services Emphasis (B.A., B.S.)
2025-04-14 10:57:23 - ✅ IMPORTED Sociology (B.A., B.S.)
2025-04-14 10:57:23 - ✅ IMPORTED Software Development (B.S.)
2025-04-14 10:57:23 - ✅ IMPORTED Spanish Education (B.A.)
2025-04-14 10:57:23 - ✅ IMPORTED Spanish (B.A.)
2025-04-14 10:57:23 - ✅ IMPORTED Studio Arts - Ceramics Emphasis (B.F.A.)
2025-04-14 10:57:23 - ✅ IMPORTED Studio Arts - Illustration Emphasis (B.F.A.)
2025-04-14 10:57:23 - ✅ IMPORTED Studio Arts - Painting/Drawing/Printmaking Emphasis (B.F.A.)
2025-04-14 10:57:23 - ✅ IMPORTED Studio Arts - Photography Emphasis (B.F.A.)
2025-04-14 10:57:23 - ✅ IMPORTED Theatre Arts Education (B.A., B.S.)
