2025-04-14 01:24:28 - ✅ IMPORTED Aerospace/Aviation Sciences - Rotor-Wing Emphasis (B.S.)
2025-04-14 01:24:28 - ✅ IMPORTED Agriculture - Agribusiness Emphasis (B.S.)
2025-04-14 01:24:28 - ✅ IMPORTED Accounting (B.A., B.S.)
2025-04-14 01:24:28 - ✅ IMPORTED Aerospace/Aviation Sciences - Fixed-Wing Emphasis (B.S.)
2025-04-14 01:24:28 - ✅ IMPORTED Agriculture - Animal Science and Industries Emphasis (B.S.)
2025-04-14 01:24:28 - ✅ IMPORTED Acting (B.F.A.)
2025-04-14 01:24:28 - ✅ IMPORTED Anthropology (B.A., B.S.)
2025-04-14 01:24:28 - ✅ IMPORTED Agriculture - General Agriculture Emphasis (B.S.)
2025-04-14 01:24:28 - ✅ IMPORTED Agriculture - Natural Resources/Range Management Emphasis (B.S.)
2025-04-14 01:24:28 - ✅ IMPORTED Agriculture Education (B.S.)
2025-04-14 01:24:28 - ✅ IMPORTED Agriculture - Plant Science and Industries Emphasis (B.S.)
2025-04-14 01:24:28 - ✅ IMPORTED Aviation Administration and Leadership (B.A., B.S.)
2025-04-14 01:24:28 - ✅ IMPORTED Art Education (B.F.A.)
2025-04-14 01:24:28 - ✅ IMPORTED Art (B.A., B.S.)
2025-04-14 01:24:28 - ✅ IMPORTED Biological Sciences Education (B.S.)
2025-04-14 01:24:28 - ✅ IMPORTED Art History (B.A.)
2025-04-14 01:24:28 - ✅ IMPORTED Biology (B.A., B.S.)
2025-04-14 01:24:28 - ✅ IMPORTED Biology Education (B.A.)
2025-04-14 01:24:28 - ✅ IMPORTED Chemistry - Health Care Emphasis (B.S.)
2025-04-14 01:24:28 - ✅ IMPORTED Business Education (B.A., B.S.)
2025-04-14 01:24:28 - ✅ IMPORTED Chemistry - Professional Emphasis (B.S.)
2025-04-14 01:24:28 - ✅ IMPORTED Chemistry - Laboratory Science Emphasis (B.S.)
2025-04-14 01:24:28 - ✅ IMPORTED Chemistry Education (B.S.)
2025-04-14 01:24:28 - ✅ IMPORTED Civil Engineering (B.S.)
2025-04-14 01:24:28 - ✅ IMPORTED Civil Engineering - Construction Engineering Emphasis (B.S.)
2025-04-14 01:24:28 - ✅ IMPORTED Civil Engineering - Environmental Engineering Emphasis (B.S.)
2025-04-14 01:24:28 - ✅ IMPORTED Civil Engineering - Water Resources Engineering Emphasis (B.S.)
2025-04-14 01:24:28 - ✅ IMPORTED Commercial Music (B.M.)
2025-04-14 01:24:28 - ✅ IMPORTED Communication - Media Studies Emphasis (B.A., B.S.)
2025-04-14 01:24:28 - ✅ IMPORTED Communication - New Media, Branding, and Message Design Emphasis (B.A., B.S.)
2025-04-14 01:24:28 - ✅ IMPORTED Communication - Messaging and Human Interaction Emphasis (B.A., B.S.)
2025-04-14 01:24:28 - ✅ IMPORTED Communication - Sports Communication Emphasis (B.A., B.S.)
2025-04-14 01:24:28 - ✅ IMPORTED Communication - Strategic Communication Emphasis (B.A., B.S.)
2025-04-14 01:24:28 - ✅ IMPORTED Communication Composite (B.A., B.S.)
2025-04-14 01:24:28 - ✅ IMPORTED Computer Science (B.S.)
2025-04-14 01:24:28 - ✅ IMPORTED Construction Management (B.A., B.S.)
2025-04-14 01:24:28 - ✅ IMPORTED Criminal Justice (B.A., B.S.)
2025-04-14 01:24:28 - ✅ IMPORTED Cybersecurity (B.S.)
2025-04-14 01:24:28 - ✅ IMPORTED Dance Education (B.A., B.S.)
2025-04-14 01:24:28 - ✅ IMPORTED Dance (B.A., B.S.)
2025-04-14 01:24:28 - ✅ IMPORTED Economics (B.A., B.S.)
2025-04-14 01:24:28 - ✅ IMPORTED Data Science (B.S.)
2025-04-14 01:24:28 - ✅ IMPORTED Economics - Business Analytics Emphasis (B.A., B.S.)
2025-04-14 01:24:28 - ✅ IMPORTED Electrical Engineering (B.S.)
2025-04-14 01:24:28 - ✅ IMPORTED Elementary Education (B.A., B.S.)
2025-04-14 01:24:28 - ✅ IMPORTED Engineering Technology - CAD-Architectural/Civil Design Emphasis (B.S.)
2025-04-14 01:24:28 - ✅ IMPORTED Engineering Technology - CAD/CAM Emphasis (B.S.)
2025-04-14 01:24:28 - ✅ IMPORTED Engineering Technology - Electromechanical Emphasis (B.S.)
2025-04-14 01:24:28 - ✅ IMPORTED English - Creative Writing Emphasis (B.A.)
2025-04-14 01:24:28 - ✅ IMPORTED English - Literature Emphasis (B.A.)
2025-04-14 01:24:28 - ✅ IMPORTED English Education (B.A.)
2025-04-14 01:24:28 - ✅ IMPORTED Environmental Science (B.S.)
2025-04-14 01:24:28 - ✅ IMPORTED English - Rhetoric and Writing Emphasis (B.A.)
2025-04-14 01:24:28 - ✅ IMPORTED Environmental Studies (B.A.)
2025-04-14 01:24:28 - ✅ IMPORTED Exercise Science (B.S.)
2025-04-14 01:24:28 - ✅ IMPORTED Exercise Science - Pre-Athletic Training Emphasis (B.S.)
2025-04-14 01:24:28 - ✅ IMPORTED Family Life and Human Development - Early Childhood Development Emphasis (B.A., B.S.)
2025-04-14 01:24:28 - ✅ IMPORTED Family Life and Human Development - Family Services Emphasis (B.A., B.S.)
2025-04-14 01:24:28 - ✅ IMPORTED Family Life and Human Development - Family Studies Emphasis (B.A., B.S.)
2025-04-14 01:24:28 - ✅ IMPORTED Finance (B.A., B.S.)
2025-04-14 01:24:28 - ✅ IMPORTED Filmmaking (B.F.A.)
2025-04-14 01:24:28 - ✅ IMPORTED Financial Technology (B.S.)
2025-04-14 01:24:28 - ✅ IMPORTED French (B.A.)
2025-04-14 01:24:28 - ✅ IMPORTED French Education (B.A.)
2025-04-14 01:24:28 - ✅ IMPORTED General Studies (B.A., B.S.)
2025-04-14 01:24:28 - ✅ IMPORTED General Studies (B.G.S.)
2025-04-14 01:24:28 - ✅ IMPORTED Geology (B.S.)
2025-04-14 01:24:28 - ✅ IMPORTED Geosciences (B.A.)
2025-04-14 01:24:28 - ✅ IMPORTED Geospatial Science (B.S.)
2025-04-14 01:24:28 - ✅ IMPORTED Graphic Design (B.F.A.)
2025-04-14 01:24:28 - ✅ IMPORTED Graphic Design - UX/UI Emphasis (B.F.A.)
2025-04-14 01:24:28 - ✅ IMPORTED History (B.A., B.S.)
2025-04-14 01:24:28 - ✅ IMPORTED History Education (B.A., B.S.)
2025-04-14 01:24:28 - ✅ IMPORTED Hotel, Resort, and Hospitality Management - Event Planning and Management Emphasis (B.A., B.S.)
2025-04-14 01:24:28 - ✅ IMPORTED Hotel, Resort, and Hospitality Management - Food and Beverage Management Emphasis (B.A., B.S.)
2025-04-14 01:24:28 - ✅ IMPORTED Hotel, Resort, and Hospitality Management - Lodging Management Emphasis (B.A., B.S.)
2025-04-14 01:24:28 - ✅ IMPORTED Human Nutrition - Allied Health Emphasis (B.S.)
2025-04-14 01:24:28 - ✅ IMPORTED Integrative Health Sciences (B.S.)
2025-04-14 01:24:28 - ✅ IMPORTED Interdisciplinary Studies (B.I.S.)
2025-04-14 01:24:28 - ✅ IMPORTED Management (B.A., B.S.)
2025-04-14 01:24:28 - ✅ IMPORTED Marketing (B.A., B.S.)
2025-04-14 01:24:28 - ✅ IMPORTED Mathematics - Actuarial Science Emphasis (B.S.)
2025-04-14 01:24:28 - ✅ IMPORTED Mathematics - Applied Mathematics Emphasis (B.S.)
2025-04-14 01:24:28 - ✅ IMPORTED Mathematics - Pure Mathematics Emphasis (B.S.)
2025-04-14 01:24:28 - ✅ IMPORTED Mathematics Education (B.S.)
2025-04-14 01:24:28 - ✅ IMPORTED Music (B.A.)
2025-04-14 01:24:28 - ✅ IMPORTED Mechanical Engineering (B.S.)
2025-04-14 01:24:28 - ✅ IMPORTED Music - Piano Performance Emphasis (B.M.)
2025-04-14 01:24:28 - ✅ IMPORTED Music - Instrumental Performance Emphasis (B.M.)
2025-04-14 01:24:28 - ✅ IMPORTED Music - Vocal Performance Emphasis (B.M.)
2025-04-14 01:24:28 - ✅ IMPORTED Music Education - Secondary Instrumental Emphasis (B.M.)
2025-04-14 01:24:28 - ✅ IMPORTED Music Education - Secondary Choral Emphasis (B.M.)
2025-04-14 01:24:28 - ✅ IMPORTED Musical Theatre (B.F.A.)
2025-04-14 01:24:28 - ✅ IMPORTED Nursing - Pre-Licensure Emphasis (B.S.N.)
2025-04-14 01:24:28 - ✅ IMPORTED Nursing - Health Professionals to BSN Emphasis (B.S.N.)
2025-04-14 01:24:28 - ✅ IMPORTED Nursing - RN to BSN Emphasis (B.S.N.)
2025-04-14 01:24:28 - ✅ IMPORTED Outdoor Recreation in Parks and Tourism - Natural Resource Recreation Emphasis (B.S.)
2025-04-14 01:24:28 - ✅ IMPORTED Outdoor Recreation in Parks and Tourism - Outdoor Education Emphasis (B.S.)
2025-04-14 01:24:28 - ✅ IMPORTED Outdoor Recreation in Parks and Tourism - Tourism Emphasis (B.S.)
2025-04-14 01:24:28 - ✅ IMPORTED Philosophy (B.A., B.S.)
2025-04-14 01:24:28 - ✅ IMPORTED Physical Education - Coaching Emphasis (B.S.)
2025-04-14 01:24:28 - ✅ IMPORTED Physical Education - Teaching Emphasis (B.S.)
2025-04-14 01:24:28 - ✅ IMPORTED Physics Education (B.A., B.S.)
2025-04-14 01:24:28 - ✅ IMPORTED Political Science (B.A., B.S.)
2025-04-14 01:24:28 - ✅ IMPORTED Psychology (B.A., B.S.)
2025-04-14 01:24:28 - ✅ IMPORTED Psychology - Human Services Emphasis (B.A., B.S.)
2025-04-14 01:24:28 - ✅ IMPORTED Social Studies Education Composite (B.A., B.S.)
2025-04-14 01:24:28 - ✅ IMPORTED Social Work (B.S.W.)
2025-04-14 01:24:28 - ✅ IMPORTED Sociology (B.A., B.S.)
2025-04-14 01:24:28 - ✅ IMPORTED Spanish (B.A.)
2025-04-14 01:24:28 - ✅ IMPORTED Software Development (B.S.)
2025-04-14 01:24:28 - ✅ IMPORTED Spanish Education (B.A.)
2025-04-14 01:24:28 - ✅ IMPORTED Studio Arts - Ceramics Emphasis (B.F.A.)
2025-04-14 01:24:28 - ✅ IMPORTED Studio Arts - Illustration Emphasis (B.F.A.)
2025-04-14 01:24:28 - ✅ IMPORTED Studio Arts - Painting/Drawing/Printmaking Emphasis (B.F.A.)
2025-04-14 01:24:28 - ✅ IMPORTED Studio Arts - Photography Emphasis (B.F.A.)
2025-04-14 01:24:28 - ✅ IMPORTED Theatre Design and Production (B.F.A.)
2025-04-14 01:24:28 - ✅ IMPORTED Theatre Arts Education (B.A., B.S.)
2025-04-14 01:24:28 - ✅ IMPORTED Theatre Arts (B.A., B.S.)
