2025-04-13 20:51:13 - ✅ IMPORTED Computer Science (B.S.)
2025-04-13 20:51:13 - ⚠️ SKIPPED Exercise Science (B.S.) — Already imported
2025-04-13 20:51:13 - ✅ IMPORTED French (B.A.)
2025-04-13 20:51:13 - ✅ IMPORTED Psychology (B.A., B.S.)
2025-04-13 20:51:21 - ❌ FAILED Computer Science (B.S.) — UNIQUE constraint failed: src_majormapping.major_name_registrar
2025-04-13 20:51:21 - ❌ FAILED Exercise Science (B.S.) — UNIQUE constraint failed: src_majormapping.major_name_registrar
2025-04-13 20:51:21 - ❌ FAILED French (B.A.) — UNIQUE constraint failed: src_majormapping.major_name_registrar
2025-04-13 20:51:21 - ❌ FAILED Psychology (B.A., B.S.) — UNIQUE constraint failed: src_majormapping.major_name_registrar
2025-04-13 20:51:28 - ❌ FAILED Computer Science (B.S.) — UNIQUE constraint failed: src_majormapping.major_name_registrar
2025-04-13 20:51:28 - ❌ FAILED Exercise Science (B.S.) — UNIQUE constraint failed: src_majormapping.major_name_registrar
2025-04-13 20:51:28 - ❌ FAILED French (B.A.) — UNIQUE constraint failed: src_majormapping.major_name_registrar
2025-04-13 20:51:28 - ❌ FAILED Psychology (B.A., B.S.) — UNIQUE constraint failed: src_majormapping.major_name_registrar
2025-04-13 20:51:35 - ❌ FAILED Computer Science (B.S.) — UNIQUE constraint failed: src_majormapping.major_name_registrar
2025-04-13 20:51:35 - ❌ FAILED Exercise Science (B.S.) — UNIQUE constraint failed: src_majormapping.major_name_registrar
2025-04-13 20:51:35 - ❌ FAILED French (B.A.) — UNIQUE constraint failed: src_majormapping.major_name_registrar
2025-04-13 20:51:35 - ❌ FAILED Psychology (B.A., B.S.) — UNIQUE constraint failed: src_majormapping.major_name_registrar
2025-04-13 20:51:41 - ❌ FAILED Computer Science (B.S.) — UNIQUE constraint failed: src_majormapping.major_name_registrar
2025-04-13 20:51:41 - ❌ FAILED Exercise Science (B.S.) — UNIQUE constraint failed: src_majormapping.major_name_registrar
2025-04-13 20:51:41 - ❌ FAILED French (B.A.) — UNIQUE constraint failed: src_majormapping.major_name_registrar
2025-04-13 20:51:41 - ❌ FAILED Psychology (B.A., B.S.) — UNIQUE constraint failed: src_majormapping.major_name_registrar
2025-04-13 20:51:48 - ❌ FAILED Computer Science (B.S.) — UNIQUE constraint failed: src_majormapping.major_name_registrar
2025-04-13 20:51:48 - ❌ FAILED Exercise Science (B.S.) — UNIQUE constraint failed: src_majormapping.major_name_registrar
2025-04-13 20:51:48 - ❌ FAILED French (B.A.) — UNIQUE constraint failed: src_majormapping.major_name_registrar
2025-04-13 20:51:48 - ❌ FAILED Psychology (B.A., B.S.) — UNIQUE constraint failed: src_majormapping.major_name_registrar
2025-04-13 20:51:56 - ❌ FAILED Computer Science (B.S.) — UNIQUE constraint failed: src_majormapping.major_name_registrar
2025-04-13 20:51:56 - ❌ FAILED Exercise Science (B.S.) — UNIQUE constraint failed: src_majormapping.major_name_registrar
2025-04-13 20:51:56 - ❌ FAILED French (B.A.) — UNIQUE constraint failed: src_majormapping.major_name_registrar
2025-04-13 20:51:56 - ❌ FAILED Psychology (B.A., B.S.) — UNIQUE constraint failed: src_majormapping.major_name_registrar
2025-04-13 20:51:59 - ❌ FAILED Computer Science (B.S.) — Could not find program URL
2025-04-13 20:51:59 - ❌ FAILED Exercise Science (B.S.) — Could not find program URL
2025-04-13 20:51:59 - ❌ FAILED French (B.A.) — Could not find program URL
2025-04-13 20:51:59 - ❌ FAILED Psychology (B.A., B.S.) — Could not find program URL
2025-04-13 20:52:03 - ❌ FAILED Computer Science (B.S.) — Could not find program URL
2025-04-13 20:52:03 - ❌ FAILED Exercise Science (B.S.) — Could not find program URL
2025-04-13 20:52:03 - ❌ FAILED French (B.A.) — Could not find program URL
2025-04-13 20:52:03 - ❌ FAILED Psychology (B.A., B.S.) — Could not find program URL
2025-04-13 20:52:06 - ❌ FAILED Computer Science (B.S.) — Could not find program URL
2025-04-13 20:52:06 - ❌ FAILED Exercise Science (B.S.) — Could not find program URL
2025-04-13 20:52:06 - ❌ FAILED French (B.A.) — Could not find program URL
2025-04-13 20:52:06 - ❌ FAILED Psychology (B.A., B.S.) — Could not find program URL
2025-04-13 20:52:09 - ❌ FAILED Computer Science (B.S.) — Could not find program URL
2025-04-13 20:52:09 - ❌ FAILED Exercise Science (B.S.) — Could not find program URL
2025-04-13 20:52:09 - ❌ FAILED French (B.A.) — Could not find program URL
2025-04-13 20:52:09 - ❌ FAILED Psychology (B.A., B.S.) — Could not find program URL
2025-04-13 20:52:12 - ❌ FAILED Computer Science (B.S.) — Could not find program URL
2025-04-13 20:52:12 - ❌ FAILED Exercise Science (B.S.) — Could not find program URL
2025-04-13 20:52:12 - ❌ FAILED French (B.A.) — Could not find program URL
2025-04-13 20:52:12 - ❌ FAILED Psychology (B.A., B.S.) — Could not find program URL
2025-04-13 20:52:16 - ❌ FAILED Computer Science (B.S.) — Could not find program URL
2025-04-13 20:52:16 - ❌ FAILED Exercise Science (B.S.) — Could not find program URL
2025-04-13 20:52:16 - ❌ FAILED French (B.A.) — Could not find program URL
2025-04-13 20:52:16 - ❌ FAILED Psychology (B.A., B.S.) — Could not find program URL
