📝 Catalog Scraping Log Started: 20250422_115114
IMPORTED Business Education (B.A., B.S.)
IMPORTED History (B.A., B.S.)
IMPORTED Software Development (B.S.)
IMPORTED Accounting (B.A., B.S.)
IMPORTED Exercise Science (B.S.)
IMPORTED Economics (B.A., B.S.)
IMPORTED Hotel, Resort, and Hospitality Management - Food and Beverage Management Emphasis (B.A., B.S.)
IMPORTED Finance (B.A., B.S.)
IMPORTED Hotel, Resort, and Hospitality Management - Lodging Management Emphasis (B.A., B.S.)
IMPORTED Communication - Sports Communication Emphasis (B.A., B.S.)
IMPORTED Hotel, Resort, and Hospitality Management - Event Planning and Management Emphasis (B.A., B.S.)
IMPORTED Economics - Business Analytics Emphasis (B.A., B.S.)
IMPORTED Marketing (B.A., B.S.)
IMPORTED Aerospace/Aviation Sciences - Fixed-Wing Emphasis (B.S.)
IMPORTED Management (B.A., B.S.)
IMPORTED Aerospace/Aviation Sciences - Rotor-Wing Emphasis (B.S.)
IMPORTED Aviation Administration and Leadership (B.A., B.S.)
IMPORTED Civil Engineering - Construction Engineering Emphasis (B.S.)
IMPORTED Civil Engineering (B.S.)
IMPORTED Civil Engineering - Environmental Engineering Emphasis (B.S.)
IMPORTED Construction Management (B.A., B.S.)
IMPORTED Civil Engineering - Water Resources Engineering Emphasis (B.S.)
IMPORTED Computer Science (B.S.)
IMPORTED Cybersecurity (B.S.)
IMPORTED Data Science (B.S.)
IMPORTED Financial Technology (B.S.)
IMPORTED Mathematics - Actuarial Science Emphasis (B.S.)
IMPORTED Electrical Engineering (B.S.)
IMPORTED Engineering Technology - CAD-Architectural/Civil Design Emphasis (B.S.)
IMPORTED Mathematics - Pure Mathematics Emphasis (B.S.)
IMPORTED Mathematics - Applied Mathematics Emphasis (B.S.)
IMPORTED Engineering Technology - CAD/CAM Emphasis (B.S.)
IMPORTED Mathematics Education (B.S.)
IMPORTED Mechanical Engineering (B.S.)
IMPORTED Engineering Technology - Electromechanical Emphasis (B.S.)
IMPORTED Software Development (B.S.)
IMPORTED Elementary Education (B.A., B.S.)
IMPORTED Agriculture - Agribusiness Emphasis (B.S.)
IMPORTED Social Work (B.S.W.)
IMPORTED Agriculture - Animal Science and Industries Emphasis (B.S.)
IMPORTED Agriculture - Natural Resources/Range Management Emphasis (B.S.)
IMPORTED Agriculture - Plant Science and Industries Emphasis (B.S.)
IMPORTED Agriculture - General Agriculture Emphasis (B.S.)
IMPORTED Agriculture Education (B.S.)
IMPORTED Exercise Science (B.S.)
IMPORTED Exercise Science - Pre-Athletic Training Emphasis (B.S.)
IMPORTED Human Nutrition - Allied Health Emphasis (B.S.)
IMPORTED Integrative Health Sciences (B.S.)
IMPORTED Nursing - Health Professionals to BSN Emphasis (B.S.N.)
IMPORTED Nursing - RN to BSN Emphasis (B.S.N.)
IMPORTED Nursing - Pre-Licensure Emphasis (B.S.N.)
IMPORTED Outdoor Recreation in Parks and Tourism - Outdoor Education Emphasis (B.S.)
IMPORTED Outdoor Recreation in Parks and Tourism - Natural Resource Recreation Emphasis (B.S.)
IMPORTED Outdoor Recreation in Parks and Tourism - Tourism Emphasis (B.S.)
IMPORTED Physical Education - Coaching Emphasis (B.S.)
IMPORTED Physical Education - Teaching Emphasis (B.S.)
IMPORTED Anthropology (B.A., B.S.)
IMPORTED Criminal Justice (B.A., B.S.)
IMPORTED General Studies (B.G.S.)
IMPORTED Communication Composite (B.A., B.S.)
IMPORTED Communication - Media Studies Emphasis (B.A., B.S.)
IMPORTED Communication - Messaging and Human Interaction Emphasis (B.A., B.S.)
IMPORTED Communication - Sports Communication Emphasis (B.A., B.S.)
IMPORTED Communication - Strategic Communication Emphasis (B.A., B.S.)
FAILED English - Creative Writing Emphasis (B.A.) — UNIQUE constraint failed: src_course.course_id
IMPORTED English - Literature Emphasis (B.A.)
IMPORTED English - Rhetoric and Writing Emphasis (B.A.)
IMPORTED English Education (B.A.)
IMPORTED French (B.A.)
IMPORTED French Education (B.A.)
IMPORTED General Studies (B.A., B.S.)
IMPORTED History (B.A., B.S.)
IMPORTED History Education (B.A., B.S.)
IMPORTED Philosophy (B.A., B.S.)
FAILED Psychology (B.A., B.S.) — UNIQUE constraint failed: src_course.course_id
FAILED Political Science (B.A., B.S.) — UNIQUE constraint failed: src_course.course_id
FAILED Psychology - Human Services Emphasis (B.A., B.S.) — UNIQUE constraint failed: src_course.course_id
IMPORTED Sociology (B.A., B.S.)
IMPORTED Spanish (B.A.)
IMPORTED Social Studies Education Composite (B.A., B.S.)
IMPORTED Spanish Education (B.A.)
IMPORTED Interdisciplinary Studies (B.I.S.)
IMPORTED Biology (B.A., B.S.)
IMPORTED Biology Education (B.A.)
IMPORTED Biological Sciences Education (B.S.)
IMPORTED Chemistry - Health Care Emphasis (B.S.)
IMPORTED Chemistry - Laboratory Science Emphasis (B.S.)
IMPORTED Chemistry - Professional Emphasis (B.S.)
IMPORTED Environmental Science (B.S.)
IMPORTED Environmental Studies (B.A.)
IMPORTED Geosciences (B.A.)
IMPORTED Geology (B.S.)
IMPORTED Geospatial Science (B.S.)
IMPORTED Physics Education (B.A., B.S.)
FAILED Software Development (B.S.) — Could not find program URL
FAILED Civil Engineering - Construction Engineering Emphasis (B.S.) — Could not find program URL
FAILED Civil Engineering - Environmental Engineering Emphasis (B.S.) — Could not find program URL
FAILED Civil Engineering - Water Resources Engineering Emphasis (B.S.) — Could not find program URL
FAILED Data Science (B.S.) — Could not find program URL
FAILED Electrical Engineering (B.S.) — Could not find program URL
FAILED Financial Technology (B.S.) — Could not find program URL
FAILED Software Development (B.S.) — Could not find program URL
FAILED Agriculture Education (B.S.) — Could not find program URL
FAILED Exercise Science - Pre-Athletic Training Emphasis (B.S.) — Could not find program URL
FAILED Integrative Health Sciences (B.S.) — Could not find program URL
FAILED English Education (B.A.) — Could not find program URL
FAILED French Education (B.A.) — Could not find program URL
FAILED History Education (B.A., B.S.) — Could not find program URL
FAILED Spanish Education (B.A.) — Could not find program URL
FAILED Social Studies Education Composite (B.A., B.S.) — Could not find program URL
FAILED Biology Education (B.A.) — Could not find program URL
FAILED Biological Sciences Education (B.S.) — Could not find program URL
FAILED Physics Education (B.A., B.S.) — Could not find program URL
IMPORTED History (B.A., B.S.)
IMPORTED Exercise Science (B.S.)
IMPORTED Accounting (B.A., B.S.)
IMPORTED Hotel, Resort, and Hospitality Management - Event Planning and Management Emphasis (B.A., B.S.)
IMPORTED Business Education (B.A., B.S.)
IMPORTED Economics - Business Analytics Emphasis (B.A., B.S.)
IMPORTED Communication - Sports Communication Emphasis (B.A., B.S.)
IMPORTED Hotel, Resort, and Hospitality Management - Lodging Management Emphasis (B.A., B.S.)
IMPORTED Economics (B.A., B.S.)
IMPORTED Finance (B.A., B.S.)
IMPORTED Hotel, Resort, and Hospitality Management - Food and Beverage Management Emphasis (B.A., B.S.)
IMPORTED Management (B.A., B.S.)
IMPORTED Marketing (B.A., B.S.)
IMPORTED Aerospace/Aviation Sciences - Fixed-Wing Emphasis (B.S.)
IMPORTED Aerospace/Aviation Sciences - Rotor-Wing Emphasis (B.S.)
IMPORTED Aviation Administration and Leadership (B.A., B.S.)
IMPORTED Civil Engineering (B.S.)
IMPORTED Construction Management (B.A., B.S.)
IMPORTED Computer Science (B.S.)
IMPORTED Cybersecurity (B.S.)
IMPORTED Engineering Technology - CAD/CAM Emphasis (B.S.)
IMPORTED Engineering Technology - CAD-Architectural/Civil Design Emphasis (B.S.)
IMPORTED Engineering Technology - Electromechanical Emphasis (B.S.)
IMPORTED Mathematics - Actuarial Science Emphasis (B.S.)
IMPORTED Mathematics - Applied Mathematics Emphasis (B.S.)
IMPORTED Mathematics - Pure Mathematics Emphasis (B.S.)
IMPORTED Mechanical Engineering (B.S.)
IMPORTED Mathematics Education (B.S.)
IMPORTED Elementary Education (B.A., B.S.)
IMPORTED Social Work (B.S.W.)
IMPORTED Agriculture - Agribusiness Emphasis (B.S.)
IMPORTED Agriculture - Animal Science and Industries Emphasis (B.S.)
IMPORTED Agriculture - Natural Resources/Range Management Emphasis (B.S.)
IMPORTED Agriculture - General Agriculture Emphasis (B.S.)
IMPORTED Agriculture - Plant Science and Industries Emphasis (B.S.)
IMPORTED Exercise Science (B.S.)
IMPORTED Human Nutrition - Allied Health Emphasis (B.S.)
IMPORTED Nursing - Health Professionals to BSN Emphasis (B.S.N.)
IMPORTED Nursing - Pre-Licensure Emphasis (B.S.N.)
IMPORTED Nursing - RN to BSN Emphasis (B.S.N.)
IMPORTED Outdoor Recreation in Parks and Tourism - Natural Resource Recreation Emphasis (B.S.)
IMPORTED Outdoor Recreation in Parks and Tourism - Tourism Emphasis (B.S.)
IMPORTED Outdoor Recreation in Parks and Tourism - Outdoor Education Emphasis (B.S.)
IMPORTED Physical Education - Coaching Emphasis (B.S.)
IMPORTED Anthropology (B.A., B.S.)
IMPORTED Physical Education - Teaching Emphasis (B.S.)
IMPORTED General Studies (B.G.S.)
IMPORTED Communication Composite (B.A., B.S.)
IMPORTED Criminal Justice (B.A., B.S.)
IMPORTED Communication - Media Studies Emphasis (B.A., B.S.)
IMPORTED Communication - Messaging and Human Interaction Emphasis (B.A., B.S.)
IMPORTED Communication - Sports Communication Emphasis (B.A., B.S.)
IMPORTED Communication - Strategic Communication Emphasis (B.A., B.S.)
FAILED English - Creative Writing Emphasis (B.A.) — UNIQUE constraint failed: src_course.course_id
IMPORTED English - Literature Emphasis (B.A.)
IMPORTED English - Rhetoric and Writing Emphasis (B.A.)
IMPORTED French (B.A.)
IMPORTED General Studies (B.A., B.S.)
IMPORTED History (B.A., B.S.)
IMPORTED Philosophy (B.A., B.S.)
FAILED Political Science (B.A., B.S.) — UNIQUE constraint failed: src_course.course_id
FAILED Psychology (B.A., B.S.) — UNIQUE constraint failed: src_course.course_id
FAILED Psychology - Human Services Emphasis (B.A., B.S.) — UNIQUE constraint failed: src_course.course_id
IMPORTED Spanish (B.A.)
IMPORTED Sociology (B.A., B.S.)
IMPORTED Interdisciplinary Studies (B.I.S.)
IMPORTED Biology (B.A., B.S.)
IMPORTED Chemistry - Health Care Emphasis (B.S.)
IMPORTED Chemistry - Laboratory Science Emphasis (B.S.)
IMPORTED Environmental Science (B.S.)
IMPORTED Chemistry - Professional Emphasis (B.S.)
IMPORTED Environmental Studies (B.A.)
IMPORTED Geosciences (B.A.)
IMPORTED Geology (B.S.)
IMPORTED Geospatial Science (B.S.)
✅ Batch scrape complete.
